<?xml version="1.0" encoding="UTF-8"?>
<testsuite name="testings.SortsTest" tests="6" skipped="0" failures="0" errors="0" timestamp="2017-10-09T13:01:38" hostname="Anvym6" time="0.062">
  <properties/>
  <testcase name="heapSortTest" classname="testings.SortsTest" time="0.028"/>
  <testcase name="quickSortTest" classname="testings.SortsTest" time="0.005"/>
  <testcase name="shellSortTest" classname="testings.SortsTest" time="0.004"/>
  <testcase name="insertionSortTest" classname="testings.SortsTest" time="0.006"/>
  <testcase name="bubbleSortTest" classname="testings.SortsTest" time="0.006"/>
  <testcase name="cycleSortTest" classname="testings.SortsTest" time="0.005"/>
  <system-out><![CDATA[]]></system-out>
  <system-err><![CDATA[]]></system-err>
</testsuite>
